<?xml version="1.0" encoding="UTF-8"?>
<testsuite name="re.netology.postmanecho.PostmanEcho" tests="1" skipped="0" failures="0" errors="0" timestamp="2022-07-24T15:27:11" hostname="MacBook-Air-MacBook.local" time="8.29">
  <properties/>
  <testcase name="TestData()" classname="re.netology.postmanecho.PostmanEcho" time="8.29"/>
  <system-out><![CDATA[]]></system-out>
  <system-err><![CDATA[]]></system-err>
</testsuite>
